2019-10-30 17:05:40,986 INFO: Microblog startup [in E:\contracts\FundingBasedOnBlockchain\microblog\app\__init__.py:33]
2019-10-30 17:08:08,784 INFO: Microblog startup [in E:\contracts\FundingBasedOnBlockchain\microblog\app\__init__.py:33]
2019-10-30 17:22:48,490 INFO: Microblog startup [in E:\contracts\FundingBasedOnBlockchain\microblog\app\__init__.py:33]
2019-10-30 17:24:57,338 INFO: Microblog startup [in E:\contracts\FundingBasedOnBlockchain\microblog\app\__init__.py:33]
2019-10-30 17:26:14,218 INFO: Microblog startup [in E:\contracts\FundingBasedOnBlockchain\microblog\app\__init__.py:33]
2019-10-30 23:03:06,949 INFO: Microblog startup [in E:\contracts\FundingBasedOnBlockchain\microblog\app\__init__.py:35]
2019-10-30 23:04:10,952 INFO: Microblog startup [in E:\contracts\FundingBasedOnBlockchain\microblog\app\__init__.py:35]
2019-10-30 23:04:48,686 ERROR: Exception on /reset_password_request [POST] [in d:\miniconda\envs\charity_py37\lib\site-packages\flask\app.py:1891]
Traceback (most recent call last):
  File "d:\miniconda\envs\charity_py37\lib\site-packages\flask\app.py", line 2446, in wsgi_app
    response = self.full_dispatch_request()
  File "d:\miniconda\envs\charity_py37\lib\site-packages\flask\app.py", line 1951, in full_dispatch_request
    rv = self.handle_user_exception(e)
  File "d:\miniconda\envs\charity_py37\lib\site-packages\flask\app.py", line 1820, in handle_user_exception
    reraise(exc_type, exc_value, tb)
  File "d:\miniconda\envs\charity_py37\lib\site-packages\flask\_compat.py", line 39, in reraise
    raise value
  File "d:\miniconda\envs\charity_py37\lib\site-packages\flask\app.py", line 1949, in full_dispatch_request
    rv = self.dispatch_request()
  File "d:\miniconda\envs\charity_py37\lib\site-packages\flask\app.py", line 1935, in dispatch_request
    return self.view_functions[rule.endpoint](**req.view_args)
  File "E:\contracts\FundingBasedOnBlockchain\microblog\app\routes.py", line 159, in reset_password_request
    send_password_reset_email(user)
  File "E:\contracts\FundingBasedOnBlockchain\microblog\app\email.py", line 19, in send_password_reset_email
    user=user, token=token))
  File "E:\contracts\FundingBasedOnBlockchain\microblog\app\email.py", line 9, in send_email
    mail.send(msg)
  File "d:\miniconda\envs\charity_py37\lib\site-packages\flask_mail.py", line 491, in send
    with self.connect() as connection:
  File "d:\miniconda\envs\charity_py37\lib\site-packages\flask_mail.py", line 144, in __enter__
    self.host = self.configure_host()
  File "d:\miniconda\envs\charity_py37\lib\site-packages\flask_mail.py", line 163, in configure_host
    host.starttls()
  File "d:\miniconda\envs\charity_py37\lib\smtplib.py", line 752, in starttls
    "STARTTLS extension not supported by server.")
smtplib.SMTPNotSupportedError: STARTTLS extension not supported by server.
2019-10-30 23:05:40,874 INFO: Microblog startup [in E:\contracts\FundingBasedOnBlockchain\microblog\app\__init__.py:35]
2019-10-30 23:10:16,349 INFO: Microblog startup [in E:\contracts\FundingBasedOnBlockchain\microblog\app\__init__.py:35]
2019-11-01 16:49:27,296 INFO: Microblog startup [in E:\contracts\FundingBasedOnBlockchain\electronic\app\__init__.py:35]
2019-11-01 16:49:40,533 INFO: Microblog startup [in E:\contracts\FundingBasedOnBlockchain\electronic\app\__init__.py:35]
2019-11-01 16:50:11,264 INFO: Microblog startup [in E:\contracts\FundingBasedOnBlockchain\electronic\app\__init__.py:35]
2019-11-01 17:03:43,058 INFO: Microblog startup [in e:\contracts\FundingBasedOnBlockchain\electronic\app\__init__.py:35]
2019-11-01 17:16:24,939 INFO: Microblog startup [in E:\contracts\FundingBasedOnBlockchain\electronic\app\__init__.py:35]
2019-11-01 17:17:54,869 INFO: Microblog startup [in E:\contracts\FundingBasedOnBlockchain\electronic\app\__init__.py:35]
2019-11-01 17:18:28,163 INFO: Microblog startup [in E:\contracts\FundingBasedOnBlockchain\electronic\app\__init__.py:35]
2019-11-01 17:18:36,451 INFO: Microblog startup [in E:\contracts\FundingBasedOnBlockchain\electronic\app\__init__.py:35]
2019-11-01 17:18:44,907 INFO: Microblog startup [in E:\contracts\FundingBasedOnBlockchain\electronic\app\__init__.py:35]
2019-11-01 17:18:56,002 INFO: Microblog startup [in e:\contracts\FundingBasedOnBlockchain\electronic\app\__init__.py:35]
2019-11-01 17:21:58,293 INFO: Microblog startup [in E:\contracts\FundingBasedOnBlockchain\electronic\app\__init__.py:35]
2019-11-01 17:22:06,007 INFO: Microblog startup [in E:\contracts\FundingBasedOnBlockchain\electronic\app\__init__.py:35]
2019-11-01 17:54:38,347 INFO: Microblog startup [in E:\contracts\FundingBasedOnBlockchain\electronic\app\__init__.py:35]
2019-11-01 17:54:46,951 INFO: Microblog startup [in E:\contracts\FundingBasedOnBlockchain\electronic\app\__init__.py:35]
2019-11-01 17:55:11,683 INFO: Microblog startup [in E:\contracts\FundingBasedOnBlockchain\electronic\app\__init__.py:35]
2019-11-01 17:55:21,376 INFO: Microblog startup [in E:\contracts\FundingBasedOnBlockchain\electronic\app\__init__.py:35]
2019-11-01 17:55:26,927 INFO: Microblog startup [in E:\contracts\FundingBasedOnBlockchain\electronic\app\__init__.py:35]
2019-11-01 17:55:37,132 INFO: Microblog startup [in E:\contracts\FundingBasedOnBlockchain\electronic\app\__init__.py:35]
2019-11-01 17:55:44,163 INFO: Microblog startup [in e:\contracts\FundingBasedOnBlockchain\electronic\app\__init__.py:35]
2019-11-01 18:05:05,259 INFO: Microblog startup [in E:\contracts\FundingBasedOnBlockchain\electronic\app\__init__.py:35]
2019-11-01 18:05:41,315 INFO: Microblog startup [in E:\contracts\FundingBasedOnBlockchain\electronic\app\__init__.py:35]
